<?xml version="1.0" encoding="UTF-8"?>
<testsuite xmlns:xsi="http://www.w3.org/2001/XMLSchema-instance" xsi:noNamespaceSchemaLocation="https://maven.apache.org/surefire/maven-surefire-plugin/xsd/surefire-test-report.xsd" name="com.enbei.stock.AppTest" time="0.006" tests="1" errors="0" skipped="0" failures="0">
  <properties>
    <property name="sun.desktop" value="windows"/>
    <property name="awt.toolkit" value="sun.awt.windows.WToolkit"/>
    <property name="file.encoding.pkg" value="sun.io"/>
    <property name="java.specification.version" value="1.8"/>
    <property name="sun.cpu.isalist" value="amd64"/>
    <property name="sun.jnu.encoding" value="GBK"/>
    <property name="java.class.path" value="E:\ideaExecWorkSpase\seata-demo\stock-service\target\test-classes;E:\ideaExecWorkSpase\seata-demo\stock-service\target\classes;E:\repository\org\springframework\boot\spring-boot-starter-web\2.3.2.RELEASE\spring-boot-starter-web-2.3.2.RELEASE.jar;E:\repository\org\springframework\boot\spring-boot-starter\2.3.2.RELEASE\spring-boot-starter-2.3.2.RELEASE.jar;E:\repository\org\springframework\boot\spring-boot\2.3.2.RELEASE\spring-boot-2.3.2.RELEASE.jar;E:\repository\org\springframework\boot\spring-boot-autoconfigure\2.3.2.RELEASE\spring-boot-autoconfigure-2.3.2.RELEASE.jar;E:\repository\org\springframework\boot\spring-boot-starter-logging\2.3.2.RELEASE\spring-boot-starter-logging-2.3.2.RELEASE.jar;E:\repository\ch\qos\logback\logback-classic\1.2.3\logback-classic-1.2.3.jar;E:\repository\ch\qos\logback\logback-core\1.2.3\logback-core-1.2.3.jar;E:\repository\org\apache\logging\log4j\log4j-to-slf4j\2.13.3\log4j-to-slf4j-2.13.3.jar;E:\repository\org\apache\logging\log4j\log4j-api\2.13.3\log4j-api-2.13.3.jar;E:\repository\org\slf4j\jul-to-slf4j\1.7.30\jul-to-slf4j-1.7.30.jar;E:\repository\jakarta\annotation\jakarta.annotation-api\1.3.5\jakarta.annotation-api-1.3.5.jar;E:\repository\org\yaml\snakeyaml\1.26\snakeyaml-1.26.jar;E:\repository\org\springframework\boot\spring-boot-starter-json\2.3.2.RELEASE\spring-boot-starter-json-2.3.2.RELEASE.jar;E:\repository\com\fasterxml\jackson\core\jackson-databind\2.11.1\jackson-databind-2.11.1.jar;E:\repository\com\fasterxml\jackson\core\jackson-annotations\2.11.1\jackson-annotations-2.11.1.jar;E:\repository\com\fasterxml\jackson\datatype\jackson-datatype-jdk8\2.11.1\jackson-datatype-jdk8-2.11.1.jar;E:\repository\com\fasterxml\jackson\datatype\jackson-datatype-jsr310\2.11.1\jackson-datatype-jsr310-2.11.1.jar;E:\repository\com\fasterxml\jackson\module\jackson-module-parameter-names\2.11.1\jackson-module-parameter-names-2.11.1.jar;E:\repository\org\springframework\boot\spring-boot-starter-tomcat\2.3.2.RELEASE\spring-boot-starter-tomcat-2.3.2.RELEASE.jar;E:\repository\org\apache\tomcat\embed\tomcat-embed-core\9.0.37\tomcat-embed-core-9.0.37.jar;E:\repository\org\glassfish\jakarta.el\3.0.3\jakarta.el-3.0.3.jar;E:\repository\org\apache\tomcat\embed\tomcat-embed-websocket\9.0.37\tomcat-embed-websocket-9.0.37.jar;E:\repository\org\springframework\spring-web\5.2.8.RELEASE\spring-web-5.2.8.RELEASE.jar;E:\repository\org\springframework\spring-beans\5.2.8.RELEASE\spring-beans-5.2.8.RELEASE.jar;E:\repository\org\springframework\spring-webmvc\5.2.8.RELEASE\spring-webmvc-5.2.8.RELEASE.jar;E:\repository\org\springframework\spring-aop\5.2.8.RELEASE\spring-aop-5.2.8.RELEASE.jar;E:\repository\org\springframework\spring-context\5.2.8.RELEASE\spring-context-5.2.8.RELEASE.jar;E:\repository\org\springframework\spring-expression\5.2.8.RELEASE\spring-expression-5.2.8.RELEASE.jar;E:\repository\org\projectlombok\lombok\1.18.12\lombok-1.18.12.jar;E:\repository\org\springframework\boot\spring-boot-starter-test\2.3.2.RELEASE\spring-boot-starter-test-2.3.2.RELEASE.jar;E:\repository\org\springframework\boot\spring-boot-test\2.3.2.RELEASE\spring-boot-test-2.3.2.RELEASE.jar;E:\repository\org\springframework\boot\spring-boot-test-autoconfigure\2.3.2.RELEASE\spring-boot-test-autoconfigure-2.3.2.RELEASE.jar;E:\repository\com\jayway\jsonpath\json-path\2.4.0\json-path-2.4.0.jar;E:\repository\net\minidev\json-smart\2.3\json-smart-2.3.jar;E:\repository\net\minidev\accessors-smart\1.2\accessors-smart-1.2.jar;E:\repository\org\slf4j\slf4j-api\1.7.30\slf4j-api-1.7.30.jar;E:\repository\jakarta\xml\bind\jakarta.xml.bind-api\2.3.3\jakarta.xml.bind-api-2.3.3.jar;E:\repository\jakarta\activation\jakarta.activation-api\1.2.2\jakarta.activation-api-1.2.2.jar;E:\repository\org\assertj\assertj-core\3.16.1\assertj-core-3.16.1.jar;E:\repository\org\hamcrest\hamcrest\2.2\hamcrest-2.2.jar;E:\repository\org\junit\jupiter\junit-jupiter\5.6.2\junit-jupiter-5.6.2.jar;E:\repository\org\junit\jupiter\junit-jupiter-api\5.6.2\junit-jupiter-api-5.6.2.jar;E:\repository\org\opentest4j\opentest4j\1.2.0\opentest4j-1.2.0.jar;E:\repository\org\junit\platform\junit-platform-commons\1.6.2\junit-platform-commons-1.6.2.jar;E:\repository\org\junit\jupiter\junit-jupiter-params\5.6.2\junit-jupiter-params-5.6.2.jar;E:\repository\org\junit\jupiter\junit-jupiter-engine\5.6.2\junit-jupiter-engine-5.6.2.jar;E:\repository\org\junit\vintage\junit-vintage-engine\5.6.2\junit-vintage-engine-5.6.2.jar;E:\repository\org\apiguardian\apiguardian-api\1.1.0\apiguardian-api-1.1.0.jar;E:\repository\org\junit\platform\junit-platform-engine\1.6.2\junit-platform-engine-1.6.2.jar;E:\repository\junit\junit\4.13\junit-4.13.jar;E:\repository\org\mockito\mockito-core\3.3.3\mockito-core-3.3.3.jar;E:\repository\net\bytebuddy\byte-buddy\1.10.13\byte-buddy-1.10.13.jar;E:\repository\net\bytebuddy\byte-buddy-agent\1.10.13\byte-buddy-agent-1.10.13.jar;E:\repository\org\objenesis\objenesis\2.6\objenesis-2.6.jar;E:\repository\org\mockito\mockito-junit-jupiter\3.3.3\mockito-junit-jupiter-3.3.3.jar;E:\repository\org\skyscreamer\jsonassert\1.5.0\jsonassert-1.5.0.jar;E:\repository\com\vaadin\external\google\android-json\0.0.20131108.vaadin1\android-json-0.0.20131108.vaadin1.jar;E:\repository\org\springframework\spring-core\5.2.8.RELEASE\spring-core-5.2.8.RELEASE.jar;E:\repository\org\springframework\spring-jcl\5.2.8.RELEASE\spring-jcl-5.2.8.RELEASE.jar;E:\repository\org\springframework\spring-test\5.2.8.RELEASE\spring-test-5.2.8.RELEASE.jar;E:\repository\org\xmlunit\xmlunit-core\2.7.0\xmlunit-core-2.7.0.jar;E:\repository\com\alibaba\cloud\spring-cloud-starter-alibaba-nacos-discovery\2.2.1.RELEASE\spring-cloud-starter-alibaba-nacos-discovery-2.2.1.RELEASE.jar;E:\repository\com\alibaba\nacos\nacos-client\1.2.1\nacos-client-1.2.1.jar;E:\repository\com\alibaba\nacos\nacos-common\1.2.1\nacos-common-1.2.1.jar;E:\repository\commons-io\commons-io\2.2\commons-io-2.2.jar;E:\repository\org\apache\commons\commons-lang3\3.10\commons-lang3-3.10.jar;E:\repository\com\alibaba\nacos\nacos-api\1.2.1\nacos-api-1.2.1.jar;E:\repository\com\google\guava\guava\29.0-jre\guava-29.0-jre.jar;E:\repository\com\google\guava\failureaccess\1.0.1\failureaccess-1.0.1.jar;E:\repository\com\google\guava\listenablefuture\9999.0-empty-to-avoid-conflict-with-guava\listenablefuture-9999.0-empty-to-avoid-conflict-with-guava.jar;E:\repository\com\google\code\findbugs\jsr305\3.0.2\jsr305-3.0.2.jar;E:\repository\org\checkerframework\checker-qual\2.11.1\checker-qual-2.11.1.jar;E:\repository\com\google\errorprone\error_prone_annotations\2.3.4\error_prone_annotations-2.3.4.jar;E:\repository\com\google\j2objc\j2objc-annotations\1.3\j2objc-annotations-1.3.jar;E:\repository\commons-codec\commons-codec\1.14\commons-codec-1.14.jar;E:\repository\com\fasterxml\jackson\core\jackson-core\2.11.1\jackson-core-2.11.1.jar;E:\repository\io\prometheus\simpleclient\0.5.0\simpleclient-0.5.0.jar;E:\repository\com\alibaba\spring\spring-context-support\1.0.6\spring-context-support-1.0.6.jar;E:\repository\org\springframework\cloud\spring-cloud-commons\2.2.6.RELEASE\spring-cloud-commons-2.2.6.RELEASE.jar;E:\repository\org\springframework\security\spring-security-crypto\5.3.3.RELEASE\spring-security-crypto-5.3.3.RELEASE.jar;E:\repository\org\springframework\cloud\spring-cloud-context\2.2.6.RELEASE\spring-cloud-context-2.2.6.RELEASE.jar;E:\repository\org\springframework\cloud\spring-cloud-starter-netflix-ribbon\2.2.6.RELEASE\spring-cloud-starter-netflix-ribbon-2.2.6.RELEASE.jar;E:\repository\org\springframework\cloud\spring-cloud-netflix-ribbon\2.2.6.RELEASE\spring-cloud-netflix-ribbon-2.2.6.RELEASE.jar;E:\repository\org\springframework\cloud\spring-cloud-netflix-archaius\2.2.6.RELEASE\spring-cloud-netflix-archaius-2.2.6.RELEASE.jar;E:\repository\org\springframework\cloud\spring-cloud-starter-netflix-archaius\2.2.6.RELEASE\spring-cloud-starter-netflix-archaius-2.2.6.RELEASE.jar;E:\repository\commons-configuration\commons-configuration\1.8\commons-configuration-1.8.jar;E:\repository\com\netflix\ribbon\ribbon\2.3.0\ribbon-2.3.0.jar;E:\repository\com\netflix\ribbon\ribbon-transport\2.3.0\ribbon-transport-2.3.0.jar;E:\repository\io\reactivex\rxnetty-contexts\0.4.9\rxnetty-contexts-0.4.9.jar;E:\repository\io\reactivex\rxnetty-servo\0.4.9\rxnetty-servo-0.4.9.jar;E:\repository\javax\inject\javax.inject\1\javax.inject-1.jar;E:\repository\io\reactivex\rxnetty\0.4.9\rxnetty-0.4.9.jar;E:\repository\com\netflix\ribbon\ribbon-core\2.3.0\ribbon-core-2.3.0.jar;E:\repository\com\netflix\ribbon\ribbon-httpclient\2.3.0\ribbon-httpclient-2.3.0.jar;E:\repository\commons-collections\commons-collections\3.2.2\commons-collections-3.2.2.jar;E:\repository\org\apache\httpcomponents\httpclient\4.5.12\httpclient-4.5.12.jar;E:\repository\org\apache\httpcomponents\httpcore\4.4.13\httpcore-4.4.13.jar;E:\repository\com\sun\jersey\jersey-client\1.19.1\jersey-client-1.19.1.jar;E:\repository\com\sun\jersey\contribs\jersey-apache-client4\1.19.1\jersey-apache-client4-1.19.1.jar;E:\repository\com\netflix\servo\servo-core\0.12.21\servo-core-0.12.21.jar;E:\repository\com\netflix\netflix-commons\netflix-commons-util\0.3.0\netflix-commons-util-0.3.0.jar;E:\repository\com\netflix\ribbon\ribbon-loadbalancer\2.3.0\ribbon-loadbalancer-2.3.0.jar;E:\repository\com\netflix\netflix-commons\netflix-statistics\0.1.1\netflix-statistics-0.1.1.jar;E:\repository\io\reactivex\rxjava\1.3.8\rxjava-1.3.8.jar;E:\repository\com\alibaba\cloud\spring-cloud-starter-alibaba-nacos-config\2.2.1.RELEASE\spring-cloud-starter-alibaba-nacos-config-2.2.1.RELEASE.jar;E:\repository\tk\mybatis\mapper-spring-boot-starter\2.1.5\mapper-spring-boot-starter-2.1.5.jar;E:\repository\org\springframework\boot\spring-boot-starter-jdbc\2.3.2.RELEASE\spring-boot-starter-jdbc-2.3.2.RELEASE.jar;E:\repository\com\zaxxer\HikariCP\3.4.5\HikariCP-3.4.5.jar;E:\repository\org\springframework\spring-jdbc\5.2.8.RELEASE\spring-jdbc-5.2.8.RELEASE.jar;E:\repository\org\springframework\spring-tx\5.2.8.RELEASE\spring-tx-5.2.8.RELEASE.jar;E:\repository\org\mybatis\mybatis\3.4.6\mybatis-3.4.6.jar;E:\repository\org\mybatis\mybatis-spring\1.3.2\mybatis-spring-1.3.2.jar;E:\repository\tk\mybatis\mapper-core\1.1.5\mapper-core-1.1.5.jar;E:\repository\tk\mybatis\mapper-base\1.1.5\mapper-base-1.1.5.jar;E:\repository\tk\mybatis\mapper-weekend\1.1.5\mapper-weekend-1.1.5.jar;E:\repository\tk\mybatis\mapper-spring\1.1.5\mapper-spring-1.1.5.jar;E:\repository\tk\mybatis\mapper-extra\1.1.5\mapper-extra-1.1.5.jar;E:\repository\tk\mybatis\mapper-spring-boot-autoconfigure\2.1.5\mapper-spring-boot-autoconfigure-2.1.5.jar;E:\repository\tk\mybatis\mapper\4.1.5\mapper-4.1.5.jar;E:\repository\javax\persistence\persistence-api\1.0\persistence-api-1.0.jar;E:\repository\mysql\mysql-connector-java\8.0.21\mysql-connector-java-8.0.21.jar;E:\repository\org\springframework\cloud\spring-cloud-starter-openfeign\2.2.6.RELEASE\spring-cloud-starter-openfeign-2.2.6.RELEASE.jar;E:\repository\org\springframework\cloud\spring-cloud-starter\2.2.6.RELEASE\spring-cloud-starter-2.2.6.RELEASE.jar;E:\repository\org\springframework\security\spring-security-rsa\1.0.9.RELEASE\spring-security-rsa-1.0.9.RELEASE.jar;E:\repository\org\bouncycastle\bcpkix-jdk15on\1.64\bcpkix-jdk15on-1.64.jar;E:\repository\org\bouncycastle\bcprov-jdk15on\1.64\bcprov-jdk15on-1.64.jar;E:\repository\org\springframework\cloud\spring-cloud-openfeign-core\2.2.6.RELEASE\spring-cloud-openfeign-core-2.2.6.RELEASE.jar;E:\repository\io\github\openfeign\form\feign-form-spring\3.8.0\feign-form-spring-3.8.0.jar;E:\repository\io\github\openfeign\form\feign-form\3.8.0\feign-form-3.8.0.jar;E:\repository\commons-fileupload\commons-fileupload\1.4\commons-fileupload-1.4.jar;E:\repository\io\github\openfeign\feign-core\10.10.1\feign-core-10.10.1.jar;E:\repository\io\github\openfeign\feign-slf4j\10.10.1\feign-slf4j-10.10.1.jar;E:\repository\io\github\openfeign\feign-hystrix\10.10.1\feign-hystrix-10.10.1.jar;E:\repository\com\netflix\archaius\archaius-core\0.7.6\archaius-core-0.7.6.jar;E:\repository\com\netflix\hystrix\hystrix-core\1.5.18\hystrix-core-1.5.18.jar;E:\repository\org\hdrhistogram\HdrHistogram\2.1.9\HdrHistogram-2.1.9.jar;E:\repository\io\github\openfeign\feign-okhttp\10.2.3\feign-okhttp-10.2.3.jar;E:\repository\com\squareup\okhttp3\okhttp\3.14.9\okhttp-3.14.9.jar;E:\repository\com\squareup\okio\okio\1.17.2\okio-1.17.2.jar;E:\repository\com\alibaba\cloud\spring-cloud-starter-alibaba-seata\2.2.1.RELEASE\spring-cloud-starter-alibaba-seata-2.2.1.RELEASE.jar;E:\repository\org\springframework\boot\spring-boot-starter-aop\2.3.2.RELEASE\spring-boot-starter-aop-2.3.2.RELEASE.jar;E:\repository\org\aspectj\aspectjweaver\1.9.6\aspectjweaver-1.9.6.jar;E:\repository\io\seata\seata-spring-boot-starter\1.3.0\seata-spring-boot-starter-1.3.0.jar;E:\repository\io\seata\seata-all\1.3.0\seata-all-1.3.0.jar;E:\repository\io\netty\netty-all\4.1.51.Final\netty-all-4.1.51.Final.jar;E:\repository\com\alibaba\fastjson\1.2.60\fastjson-1.2.60.jar;E:\repository\com\alibaba\druid\1.1.12\druid-1.1.12.jar;E:\repository\com\typesafe\config\1.2.1\config-1.2.1.jar;E:\repository\commons-lang\commons-lang\2.6\commons-lang-2.6.jar;E:\repository\org\apache\commons\commons-pool2\2.8.0\commons-pool2-2.8.0.jar;E:\repository\commons-pool\commons-pool\1.6\commons-pool-1.6.jar;E:\repository\com\google\protobuf\protobuf-java\3.13.0\protobuf-java-3.13.0.jar;E:\repository\cglib\cglib\3.1\cglib-3.1.jar;E:\repository\org\ow2\asm\asm\4.2\asm-4.2.jar;E:\repository\aopalliance\aopalliance\1.0\aopalliance-1.0.jar;E:\repository\com\github\ben-manes\caffeine\caffeine\2.8.5\caffeine-2.8.5.jar;"/>
    <property name="java.vm.vendor" value="Oracle Corporation"/>
    <property name="sun.arch.data.model" value="64"/>
    <property name="user.variant" value=""/>
    <property name="java.vendor.url" value="http://java.oracle.com/"/>
    <property name="user.timezone" value="Asia/Shanghai"/>
    <property name="java.vm.specification.version" value="1.8"/>
    <property name="os.name" value="Windows 10"/>
    <property name="user.country" value="CN"/>
    <property name="sun.java.launcher" value="SUN_STANDARD"/>
    <property name="sun.boot.library.path" value="C:\Program Files\Java\jdk1.8.0_221\jre\bin"/>
    <property name="sun.java.command" value="C:\WINDOWS\TEMP\surefire261104543796010541\surefirebooter6346127088511820454.jar C:\Windows\Temp\surefire261104543796010541 2022-12-07T16-10-37_713-jvmRun1 surefire4684971686772754377tmp surefire_01664925842117892293tmp"/>
    <property name="surefire.test.class.path" value="E:\ideaExecWorkSpase\seata-demo\stock-service\target\test-classes;E:\ideaExecWorkSpase\seata-demo\stock-service\target\classes;E:\repository\org\springframework\boot\spring-boot-starter-web\2.3.2.RELEASE\spring-boot-starter-web-2.3.2.RELEASE.jar;E:\repository\org\springframework\boot\spring-boot-starter\2.3.2.RELEASE\spring-boot-starter-2.3.2.RELEASE.jar;E:\repository\org\springframework\boot\spring-boot\2.3.2.RELEASE\spring-boot-2.3.2.RELEASE.jar;E:\repository\org\springframework\boot\spring-boot-autoconfigure\2.3.2.RELEASE\spring-boot-autoconfigure-2.3.2.RELEASE.jar;E:\repository\org\springframework\boot\spring-boot-starter-logging\2.3.2.RELEASE\spring-boot-starter-logging-2.3.2.RELEASE.jar;E:\repository\ch\qos\logback\logback-classic\1.2.3\logback-classic-1.2.3.jar;E:\repository\ch\qos\logback\logback-core\1.2.3\logback-core-1.2.3.jar;E:\repository\org\apache\logging\log4j\log4j-to-slf4j\2.13.3\log4j-to-slf4j-2.13.3.jar;E:\repository\org\apache\logging\log4j\log4j-api\2.13.3\log4j-api-2.13.3.jar;E:\repository\org\slf4j\jul-to-slf4j\1.7.30\jul-to-slf4j-1.7.30.jar;E:\repository\jakarta\annotation\jakarta.annotation-api\1.3.5\jakarta.annotation-api-1.3.5.jar;E:\repository\org\yaml\snakeyaml\1.26\snakeyaml-1.26.jar;E:\repository\org\springframework\boot\spring-boot-starter-json\2.3.2.RELEASE\spring-boot-starter-json-2.3.2.RELEASE.jar;E:\repository\com\fasterxml\jackson\core\jackson-databind\2.11.1\jackson-databind-2.11.1.jar;E:\repository\com\fasterxml\jackson\core\jackson-annotations\2.11.1\jackson-annotations-2.11.1.jar;E:\repository\com\fasterxml\jackson\datatype\jackson-datatype-jdk8\2.11.1\jackson-datatype-jdk8-2.11.1.jar;E:\repository\com\fasterxml\jackson\datatype\jackson-datatype-jsr310\2.11.1\jackson-datatype-jsr310-2.11.1.jar;E:\repository\com\fasterxml\jackson\module\jackson-module-parameter-names\2.11.1\jackson-module-parameter-names-2.11.1.jar;E:\repository\org\springframework\boot\spring-boot-starter-tomcat\2.3.2.RELEASE\spring-boot-starter-tomcat-2.3.2.RELEASE.jar;E:\repository\org\apache\tomcat\embed\tomcat-embed-core\9.0.37\tomcat-embed-core-9.0.37.jar;E:\repository\org\glassfish\jakarta.el\3.0.3\jakarta.el-3.0.3.jar;E:\repository\org\apache\tomcat\embed\tomcat-embed-websocket\9.0.37\tomcat-embed-websocket-9.0.37.jar;E:\repository\org\springframework\spring-web\5.2.8.RELEASE\spring-web-5.2.8.RELEASE.jar;E:\repository\org\springframework\spring-beans\5.2.8.RELEASE\spring-beans-5.2.8.RELEASE.jar;E:\repository\org\springframework\spring-webmvc\5.2.8.RELEASE\spring-webmvc-5.2.8.RELEASE.jar;E:\repository\org\springframework\spring-aop\5.2.8.RELEASE\spring-aop-5.2.8.RELEASE.jar;E:\repository\org\springframework\spring-context\5.2.8.RELEASE\spring-context-5.2.8.RELEASE.jar;E:\repository\org\springframework\spring-expression\5.2.8.RELEASE\spring-expression-5.2.8.RELEASE.jar;E:\repository\org\projectlombok\lombok\1.18.12\lombok-1.18.12.jar;E:\repository\org\springframework\boot\spring-boot-starter-test\2.3.2.RELEASE\spring-boot-starter-test-2.3.2.RELEASE.jar;E:\repository\org\springframework\boot\spring-boot-test\2.3.2.RELEASE\spring-boot-test-2.3.2.RELEASE.jar;E:\repository\org\springframework\boot\spring-boot-test-autoconfigure\2.3.2.RELEASE\spring-boot-test-autoconfigure-2.3.2.RELEASE.jar;E:\repository\com\jayway\jsonpath\json-path\2.4.0\json-path-2.4.0.jar;E:\repository\net\minidev\json-smart\2.3\json-smart-2.3.jar;E:\repository\net\minidev\accessors-smart\1.2\accessors-smart-1.2.jar;E:\repository\org\slf4j\slf4j-api\1.7.30\slf4j-api-1.7.30.jar;E:\repository\jakarta\xml\bind\jakarta.xml.bind-api\2.3.3\jakarta.xml.bind-api-2.3.3.jar;E:\repository\jakarta\activation\jakarta.activation-api\1.2.2\jakarta.activation-api-1.2.2.jar;E:\repository\org\assertj\assertj-core\3.16.1\assertj-core-3.16.1.jar;E:\repository\org\hamcrest\hamcrest\2.2\hamcrest-2.2.jar;E:\repository\org\junit\jupiter\junit-jupiter\5.6.2\junit-jupiter-5.6.2.jar;E:\repository\org\junit\jupiter\junit-jupiter-api\5.6.2\junit-jupiter-api-5.6.2.jar;E:\repository\org\opentest4j\opentest4j\1.2.0\opentest4j-1.2.0.jar;E:\repository\org\junit\platform\junit-platform-commons\1.6.2\junit-platform-commons-1.6.2.jar;E:\repository\org\junit\jupiter\junit-jupiter-params\5.6.2\junit-jupiter-params-5.6.2.jar;E:\repository\org\junit\jupiter\junit-jupiter-engine\5.6.2\junit-jupiter-engine-5.6.2.jar;E:\repository\org\junit\vintage\junit-vintage-engine\5.6.2\junit-vintage-engine-5.6.2.jar;E:\repository\org\apiguardian\apiguardian-api\1.1.0\apiguardian-api-1.1.0.jar;E:\repository\org\junit\platform\junit-platform-engine\1.6.2\junit-platform-engine-1.6.2.jar;E:\repository\junit\junit\4.13\junit-4.13.jar;E:\repository\org\mockito\mockito-core\3.3.3\mockito-core-3.3.3.jar;E:\repository\net\bytebuddy\byte-buddy\1.10.13\byte-buddy-1.10.13.jar;E:\repository\net\bytebuddy\byte-buddy-agent\1.10.13\byte-buddy-agent-1.10.13.jar;E:\repository\org\objenesis\objenesis\2.6\objenesis-2.6.jar;E:\repository\org\mockito\mockito-junit-jupiter\3.3.3\mockito-junit-jupiter-3.3.3.jar;E:\repository\org\skyscreamer\jsonassert\1.5.0\jsonassert-1.5.0.jar;E:\repository\com\vaadin\external\google\android-json\0.0.20131108.vaadin1\android-json-0.0.20131108.vaadin1.jar;E:\repository\org\springframework\spring-core\5.2.8.RELEASE\spring-core-5.2.8.RELEASE.jar;E:\repository\org\springframework\spring-jcl\5.2.8.RELEASE\spring-jcl-5.2.8.RELEASE.jar;E:\repository\org\springframework\spring-test\5.2.8.RELEASE\spring-test-5.2.8.RELEASE.jar;E:\repository\org\xmlunit\xmlunit-core\2.7.0\xmlunit-core-2.7.0.jar;E:\repository\com\alibaba\cloud\spring-cloud-starter-alibaba-nacos-discovery\2.2.1.RELEASE\spring-cloud-starter-alibaba-nacos-discovery-2.2.1.RELEASE.jar;E:\repository\com\alibaba\nacos\nacos-client\1.2.1\nacos-client-1.2.1.jar;E:\repository\com\alibaba\nacos\nacos-common\1.2.1\nacos-common-1.2.1.jar;E:\repository\commons-io\commons-io\2.2\commons-io-2.2.jar;E:\repository\org\apache\commons\commons-lang3\3.10\commons-lang3-3.10.jar;E:\repository\com\alibaba\nacos\nacos-api\1.2.1\nacos-api-1.2.1.jar;E:\repository\com\google\guava\guava\29.0-jre\guava-29.0-jre.jar;E:\repository\com\google\guava\failureaccess\1.0.1\failureaccess-1.0.1.jar;E:\repository\com\google\guava\listenablefuture\9999.0-empty-to-avoid-conflict-with-guava\listenablefuture-9999.0-empty-to-avoid-conflict-with-guava.jar;E:\repository\com\google\code\findbugs\jsr305\3.0.2\jsr305-3.0.2.jar;E:\repository\org\checkerframework\checker-qual\2.11.1\checker-qual-2.11.1.jar;E:\repository\com\google\errorprone\error_prone_annotations\2.3.4\error_prone_annotations-2.3.4.jar;E:\repository\com\google\j2objc\j2objc-annotations\1.3\j2objc-annotations-1.3.jar;E:\repository\commons-codec\commons-codec\1.14\commons-codec-1.14.jar;E:\repository\com\fasterxml\jackson\core\jackson-core\2.11.1\jackson-core-2.11.1.jar;E:\repository\io\prometheus\simpleclient\0.5.0\simpleclient-0.5.0.jar;E:\repository\com\alibaba\spring\spring-context-support\1.0.6\spring-context-support-1.0.6.jar;E:\repository\org\springframework\cloud\spring-cloud-commons\2.2.6.RELEASE\spring-cloud-commons-2.2.6.RELEASE.jar;E:\repository\org\springframework\security\spring-security-crypto\5.3.3.RELEASE\spring-security-crypto-5.3.3.RELEASE.jar;E:\repository\org\springframework\cloud\spring-cloud-context\2.2.6.RELEASE\spring-cloud-context-2.2.6.RELEASE.jar;E:\repository\org\springframework\cloud\spring-cloud-starter-netflix-ribbon\2.2.6.RELEASE\spring-cloud-starter-netflix-ribbon-2.2.6.RELEASE.jar;E:\repository\org\springframework\cloud\spring-cloud-netflix-ribbon\2.2.6.RELEASE\spring-cloud-netflix-ribbon-2.2.6.RELEASE.jar;E:\repository\org\springframework\cloud\spring-cloud-netflix-archaius\2.2.6.RELEASE\spring-cloud-netflix-archaius-2.2.6.RELEASE.jar;E:\repository\org\springframework\cloud\spring-cloud-starter-netflix-archaius\2.2.6.RELEASE\spring-cloud-starter-netflix-archaius-2.2.6.RELEASE.jar;E:\repository\commons-configuration\commons-configuration\1.8\commons-configuration-1.8.jar;E:\repository\com\netflix\ribbon\ribbon\2.3.0\ribbon-2.3.0.jar;E:\repository\com\netflix\ribbon\ribbon-transport\2.3.0\ribbon-transport-2.3.0.jar;E:\repository\io\reactivex\rxnetty-contexts\0.4.9\rxnetty-contexts-0.4.9.jar;E:\repository\io\reactivex\rxnetty-servo\0.4.9\rxnetty-servo-0.4.9.jar;E:\repository\javax\inject\javax.inject\1\javax.inject-1.jar;E:\repository\io\reactivex\rxnetty\0.4.9\rxnetty-0.4.9.jar;E:\repository\com\netflix\ribbon\ribbon-core\2.3.0\ribbon-core-2.3.0.jar;E:\repository\com\netflix\ribbon\ribbon-httpclient\2.3.0\ribbon-httpclient-2.3.0.jar;E:\repository\commons-collections\commons-collections\3.2.2\commons-collections-3.2.2.jar;E:\repository\org\apache\httpcomponents\httpclient\4.5.12\httpclient-4.5.12.jar;E:\repository\org\apache\httpcomponents\httpcore\4.4.13\httpcore-4.4.13.jar;E:\repository\com\sun\jersey\jersey-client\1.19.1\jersey-client-1.19.1.jar;E:\repository\com\sun\jersey\contribs\jersey-apache-client4\1.19.1\jersey-apache-client4-1.19.1.jar;E:\repository\com\netflix\servo\servo-core\0.12.21\servo-core-0.12.21.jar;E:\repository\com\netflix\netflix-commons\netflix-commons-util\0.3.0\netflix-commons-util-0.3.0.jar;E:\repository\com\netflix\ribbon\ribbon-loadbalancer\2.3.0\ribbon-loadbalancer-2.3.0.jar;E:\repository\com\netflix\netflix-commons\netflix-statistics\0.1.1\netflix-statistics-0.1.1.jar;E:\repository\io\reactivex\rxjava\1.3.8\rxjava-1.3.8.jar;E:\repository\com\alibaba\cloud\spring-cloud-starter-alibaba-nacos-config\2.2.1.RELEASE\spring-cloud-starter-alibaba-nacos-config-2.2.1.RELEASE.jar;E:\repository\tk\mybatis\mapper-spring-boot-starter\2.1.5\mapper-spring-boot-starter-2.1.5.jar;E:\repository\org\springframework\boot\spring-boot-starter-jdbc\2.3.2.RELEASE\spring-boot-starter-jdbc-2.3.2.RELEASE.jar;E:\repository\com\zaxxer\HikariCP\3.4.5\HikariCP-3.4.5.jar;E:\repository\org\springframework\spring-jdbc\5.2.8.RELEASE\spring-jdbc-5.2.8.RELEASE.jar;E:\repository\org\springframework\spring-tx\5.2.8.RELEASE\spring-tx-5.2.8.RELEASE.jar;E:\repository\org\mybatis\mybatis\3.4.6\mybatis-3.4.6.jar;E:\repository\org\mybatis\mybatis-spring\1.3.2\mybatis-spring-1.3.2.jar;E:\repository\tk\mybatis\mapper-core\1.1.5\mapper-core-1.1.5.jar;E:\repository\tk\mybatis\mapper-base\1.1.5\mapper-base-1.1.5.jar;E:\repository\tk\mybatis\mapper-weekend\1.1.5\mapper-weekend-1.1.5.jar;E:\repository\tk\mybatis\mapper-spring\1.1.5\mapper-spring-1.1.5.jar;E:\repository\tk\mybatis\mapper-extra\1.1.5\mapper-extra-1.1.5.jar;E:\repository\tk\mybatis\mapper-spring-boot-autoconfigure\2.1.5\mapper-spring-boot-autoconfigure-2.1.5.jar;E:\repository\tk\mybatis\mapper\4.1.5\mapper-4.1.5.jar;E:\repository\javax\persistence\persistence-api\1.0\persistence-api-1.0.jar;E:\repository\mysql\mysql-connector-java\8.0.21\mysql-connector-java-8.0.21.jar;E:\repository\org\springframework\cloud\spring-cloud-starter-openfeign\2.2.6.RELEASE\spring-cloud-starter-openfeign-2.2.6.RELEASE.jar;E:\repository\org\springframework\cloud\spring-cloud-starter\2.2.6.RELEASE\spring-cloud-starter-2.2.6.RELEASE.jar;E:\repository\org\springframework\security\spring-security-rsa\1.0.9.RELEASE\spring-security-rsa-1.0.9.RELEASE.jar;E:\repository\org\bouncycastle\bcpkix-jdk15on\1.64\bcpkix-jdk15on-1.64.jar;E:\repository\org\bouncycastle\bcprov-jdk15on\1.64\bcprov-jdk15on-1.64.jar;E:\repository\org\springframework\cloud\spring-cloud-openfeign-core\2.2.6.RELEASE\spring-cloud-openfeign-core-2.2.6.RELEASE.jar;E:\repository\io\github\openfeign\form\feign-form-spring\3.8.0\feign-form-spring-3.8.0.jar;E:\repository\io\github\openfeign\form\feign-form\3.8.0\feign-form-3.8.0.jar;E:\repository\commons-fileupload\commons-fileupload\1.4\commons-fileupload-1.4.jar;E:\repository\io\github\openfeign\feign-core\10.10.1\feign-core-10.10.1.jar;E:\repository\io\github\openfeign\feign-slf4j\10.10.1\feign-slf4j-10.10.1.jar;E:\repository\io\github\openfeign\feign-hystrix\10.10.1\feign-hystrix-10.10.1.jar;E:\repository\com\netflix\archaius\archaius-core\0.7.6\archaius-core-0.7.6.jar;E:\repository\com\netflix\hystrix\hystrix-core\1.5.18\hystrix-core-1.5.18.jar;E:\repository\org\hdrhistogram\HdrHistogram\2.1.9\HdrHistogram-2.1.9.jar;E:\repository\io\github\openfeign\feign-okhttp\10.2.3\feign-okhttp-10.2.3.jar;E:\repository\com\squareup\okhttp3\okhttp\3.14.9\okhttp-3.14.9.jar;E:\repository\com\squareup\okio\okio\1.17.2\okio-1.17.2.jar;E:\repository\com\alibaba\cloud\spring-cloud-starter-alibaba-seata\2.2.1.RELEASE\spring-cloud-starter-alibaba-seata-2.2.1.RELEASE.jar;E:\repository\org\springframework\boot\spring-boot-starter-aop\2.3.2.RELEASE\spring-boot-starter-aop-2.3.2.RELEASE.jar;E:\repository\org\aspectj\aspectjweaver\1.9.6\aspectjweaver-1.9.6.jar;E:\repository\io\seata\seata-spring-boot-starter\1.3.0\seata-spring-boot-starter-1.3.0.jar;E:\repository\io\seata\seata-all\1.3.0\seata-all-1.3.0.jar;E:\repository\io\netty\netty-all\4.1.51.Final\netty-all-4.1.51.Final.jar;E:\repository\com\alibaba\fastjson\1.2.60\fastjson-1.2.60.jar;E:\repository\com\alibaba\druid\1.1.12\druid-1.1.12.jar;E:\repository\com\typesafe\config\1.2.1\config-1.2.1.jar;E:\repository\commons-lang\commons-lang\2.6\commons-lang-2.6.jar;E:\repository\org\apache\commons\commons-pool2\2.8.0\commons-pool2-2.8.0.jar;E:\repository\commons-pool\commons-pool\1.6\commons-pool-1.6.jar;E:\repository\com\google\protobuf\protobuf-java\3.13.0\protobuf-java-3.13.0.jar;E:\repository\cglib\cglib\3.1\cglib-3.1.jar;E:\repository\org\ow2\asm\asm\4.2\asm-4.2.jar;E:\repository\aopalliance\aopalliance\1.0\aopalliance-1.0.jar;E:\repository\com\github\ben-manes\caffeine\caffeine\2.8.5\caffeine-2.8.5.jar;"/>
    <property name="sun.cpu.endian" value="little"/>
    <property name="user.home" value="C:\Users\86151"/>
    <property name="user.language" value="zh"/>
    <property name="java.specification.vendor" value="Oracle Corporation"/>
    <property name="java.home" value="C:\Program Files\Java\jdk1.8.0_221\jre"/>
    <property name="basedir" value="E:\ideaExecWorkSpase\seata-demo\stock-service"/>
    <property name="file.separator" value="\"/>
    <property name="line.separator" value="&#10;"/>
    <property name="java.vm.specification.vendor" value="Oracle Corporation"/>
    <property name="java.specification.name" value="Java Platform API Specification"/>
    <property name="java.awt.graphicsenv" value="sun.awt.Win32GraphicsEnvironment"/>
    <property name="surefire.real.class.path" value="C:\WINDOWS\TEMP\surefire261104543796010541\surefirebooter6346127088511820454.jar"/>
    <property name="sun.boot.class.path" value="C:\Program Files\Java\jdk1.8.0_221\jre\lib\resources.jar;C:\Program Files\Java\jdk1.8.0_221\jre\lib\rt.jar;C:\Program Files\Java\jdk1.8.0_221\jre\lib\sunrsasign.jar;C:\Program Files\Java\jdk1.8.0_221\jre\lib\jsse.jar;C:\Program Files\Java\jdk1.8.0_221\jre\lib\jce.jar;C:\Program Files\Java\jdk1.8.0_221\jre\lib\charsets.jar;C:\Program Files\Java\jdk1.8.0_221\jre\lib\jfr.jar;C:\Program Files\Java\jdk1.8.0_221\jre\classes"/>
    <property name="user.script" value=""/>
    <property name="sun.management.compiler" value="HotSpot 64-Bit Tiered Compilers"/>
    <property name="java.runtime.version" value="1.8.0_221-b11"/>
    <property name="user.name" value="admin"/>
    <property name="path.separator" value=";"/>
    <property name="os.version" value="10.0"/>
    <property name="java.endorsed.dirs" value="C:\Program Files\Java\jdk1.8.0_221\jre\lib\endorsed"/>
    <property name="java.runtime.name" value="Java(TM) SE Runtime Environment"/>
    <property name="file.encoding" value="GBK"/>
    <property name="java.vm.name" value="Java HotSpot(TM) 64-Bit Server VM"/>
    <property name="localRepository" value="E:\repository"/>
    <property name="java.vendor.url.bug" value="http://bugreport.sun.com/bugreport/"/>
    <property name="java.io.tmpdir" value="C:\WINDOWS\TEMP\"/>
    <property name="idea.version" value="2020.3.4"/>
    <property name="java.version" value="1.8.0_221"/>
    <property name="user.dir" value="E:\ideaExecWorkSpase\seata-demo\stock-service"/>
    <property name="os.arch" value="amd64"/>
    <property name="java.vm.specification.name" value="Java Virtual Machine Specification"/>
    <property name="java.awt.printerjob" value="sun.awt.windows.WPrinterJob"/>
    <property name="sun.os.patch.level" value=""/>
    <property name="java.library.path" value="C:\Program Files\Java\jdk1.8.0_221\jre\bin;C:\WINDOWS\Sun\Java\bin;C:\WINDOWS\system32;C:\WINDOWS;C:\Program Files\Common Files\Oracle\Java\javapath;E:\app\admin\product\11.2.0\dbhome_1\bin;D:\Program Files\apache-maven-3.6.3\bin;C:\WINDOWSsystem32;C:\WINDOWS;C:\WINDOWS\System32\Wbem;C:\WINDOWS\System32\windowsPowerShell\v1.0\;C:\WINDOWSSystem32\OpenSSH\;C:\Program Files\Java\jdk-11.0.14bin;C:\Program Files (x86)\Common Files\Oracle\Java\javapath;D:\Program Files\MySQL\MySQL Server 5.6\bin;C:\WINDOWS\system32;C:\WINDOWS\System32\WindowsPowerShell\v1.0\;C:\WINDOWS\System32\OpenSSH\;C:\Program Files\Java\jdk1.8.0_131\bin;D:\app\xshell\;D:\app\wxDevToos\dll;D:\Program Files\nodejs\;D:\app\ftp\;D:\Program Files\TortoiseGit\bin;D:\Program Files\Git\cmd;C:\Program Files\Java\jdk-11.0.14\bin;D:\app\Microsoft VS Code\bin;D:\app\gradle-7.4.1\bin;C:\Users\86151\AppData\Roaming\npm;C:\Users\86151\Desktop\aliyun-cli-windows-latest-amd64;D:\app\apache-maven-3.6.3\bin;;."/>
    <property name="java.vm.info" value="mixed mode"/>
    <property name="java.vendor" value="Oracle Corporation"/>
    <property name="java.vm.version" value="25.221-b11"/>
    <property name="java.ext.dirs" value="C:\Program Files\Java\jdk1.8.0_221\jre\lib\ext;C:\WINDOWS\Sun\Java\lib\ext"/>
    <property name="sun.io.unicode.encoding" value="UnicodeLittle"/>
    <property name="maven.repo.local" value="E:\repository"/>
    <property name="java.class.version" value="52.0"/>
  </properties>
  <testcase name="shouldAnswerWithTrue" classname="com.enbei.stock.AppTest" time="0.001"/>
</testsuite>